<?xml version="1.0" encoding="utf-8" standalone="no"?>
<!--This file represents the results of running a test suite-->
<test-results name="F:\Main Projects\File Exchange Manager\FEMUnitTest\bin\Debug\FEMUnitTest.dll" total="19" errors="0" failures="0" not-run="0" inconclusive="0" ignored="0" skipped="0" invalid="0" date="2016-06-06" time="14:03:13">
  <environment nunit-version="2.6.4.14350" clr-version="2.0.50727.3053" os-version="Microsoft Windows NT 5.1.2600 Service Pack 3" platform="Win32NT" cwd="C:\Program Files\NUnit 2.6.4\bin" machine-name="BRILEV" user="admin" user-domain="BRILEV" />
  <culture-info current-culture="ru-RU" current-uiculture="ru-RU" />
  <test-suite type="Assembly" name="F:\Main Projects\File Exchange Manager\FEMUnitTest\bin\Debug\FEMUnitTest.dll" executed="True" result="Success" success="True" time="0.300" asserts="0">
    <results>
      <test-suite type="Namespace" name="File_Exchange_Manager" executed="True" result="Success" success="True" time="0.294" asserts="0">
        <results>
          <test-suite type="Namespace" name="UnitTest" executed="True" result="Success" success="True" time="0.294" asserts="0">
            <results>
              <test-suite type="TestFixture" name="AddStrategyTest" executed="True" result="Success" success="True" time="0.174" asserts="0">
                <results>
                  <test-case name="File_Exchange_Manager.UnitTest.AddStrategyTest.FileVerification_FailBecauseCreationDateIsWrong_False" executed="True" result="Success" success="True" time="0.059" asserts="1" />
                  <test-case name="File_Exchange_Manager.UnitTest.AddStrategyTest.FileVerification_FailBecauseMaskWrongCDSkip_False" executed="True" result="Success" success="True" time="0.087" asserts="1" />
                  <test-case name="File_Exchange_Manager.UnitTest.AddStrategyTest.FileVerification_MaskedFileUseCreationDate_True" executed="True" result="Success" success="True" time="0.003" asserts="1" />
                  <test-case name="File_Exchange_Manager.UnitTest.AddStrategyTest.FileVerification_MaskedFileWithoutCreationDate_True" executed="True" result="Success" success="True" time="0.002" asserts="1" />
                  <test-case name="File_Exchange_Manager.UnitTest.AddStrategyTest.FileVerification_SimpleFile_True" executed="True" result="Success" success="True" time="0.003" asserts="1" />
                  <test-case name="File_Exchange_Manager.UnitTest.AddStrategyTest.FileVerification_WorkIntervalDays_True" executed="True" result="Success" success="True" time="0.000" asserts="1" />
                  <test-case name="File_Exchange_Manager.UnitTest.AddStrategyTest.FileVerification_WorkIntervalMonths_True" executed="True" result="Success" success="True" time="0.000" asserts="1" />
                  <test-case name="File_Exchange_Manager.UnitTest.AddStrategyTest.FileVerification_WorkIntervalYears_True" executed="True" result="Success" success="True" time="0.000" asserts="1" />
                </results>
              </test-suite>
              <test-suite type="TestFixture" name="PlannerTextTest" executed="True" result="Success" success="True" time="0.104" asserts="0">
                <results>
                  <test-case name="File_Exchange_Manager.UnitTest.PlannerTextTest.StartExchange_ComplicatedSession_ErrorRes" executed="True" result="Success" success="True" time="0.093" asserts="5" />
                  <test-case name="File_Exchange_Manager.UnitTest.PlannerTextTest.StartExchange_FakeTask_NothingHappens" executed="True" result="Success" success="True" time="0.000" asserts="1" />
                  <test-case name="File_Exchange_Manager.UnitTest.PlannerTextTest.StartExchange_NothingHappensFiles_NothingHappens" executed="True" result="Success" success="True" time="0.001" asserts="1" />
                  <test-case name="File_Exchange_Manager.UnitTest.PlannerTextTest.StartExchange_SuccessSession_Success" executed="True" result="Success" success="True" time="0.001" asserts="5" />
                  <test-case name="File_Exchange_Manager.UnitTest.PlannerTextTest.StartExchange_TestLos_10110" executed="True" result="Success" success="True" time="0.002" asserts="5" />
                </results>
              </test-suite>
              <test-suite type="TestFixture" name="UtilsTests" executed="True" result="Success" success="True" time="0.010" asserts="0">
                <results>
                  <test-suite type="ParameterizedTest" name="ParseWorkIntervalEnum_BadEnterString_EqualFirstPar" executed="True" result="Success" success="True" time="0.010" asserts="0">
                    <results>
                      <test-case name="File_Exchange_Manager.UnitTest.UtilsTests.ParseWorkIntervalEnum_BadEnterString_EqualFirstPar(Years,&quot;years&quot;)" executed="True" result="Success" success="True" time="0.000" asserts="1" />
                      <test-case name="File_Exchange_Manager.UnitTest.UtilsTests.ParseWorkIntervalEnum_BadEnterString_EqualFirstPar(_Other,&quot;Day&quot;)" executed="True" result="Success" success="True" time="0.000" asserts="1" />
                      <test-case name="File_Exchange_Manager.UnitTest.UtilsTests.ParseWorkIntervalEnum_BadEnterString_EqualFirstPar(_Other,&quot;abrvalg&quot;)" executed="True" result="Success" success="True" time="0.000" asserts="1" />
                      <test-case name="File_Exchange_Manager.UnitTest.UtilsTests.ParseWorkIntervalEnum_BadEnterString_EqualFirstPar(Days,&quot;Days&quot;)" executed="True" result="Success" success="True" time="0.000" asserts="1" />
                      <test-case name="File_Exchange_Manager.UnitTest.UtilsTests.ParseWorkIntervalEnum_BadEnterString_EqualFirstPar(Months,&quot;Months&quot;)" executed="True" result="Success" success="True" time="0.000" asserts="1" />
                      <test-case name="File_Exchange_Manager.UnitTest.UtilsTests.ParseWorkIntervalEnum_BadEnterString_EqualFirstPar(Years,&quot;Years&quot;)" executed="True" result="Success" success="True" time="0.000" asserts="1" />
                    </results>
                  </test-suite>
                </results>
              </test-suite>
            </results>
          </test-suite>
        </results>
      </test-suite>
    </results>
  </test-suite>
</test-results>